[debug] [2025-06-18T11:30:07.119Z] ----------------------------------------------------------------------
[debug] [2025-06-18T11:30:07.122Z] Command:       C:\Program Files\node.exe C:\Users\Артемий\AppData\Roaming\npm\node_modules\firebase-tools\lib\bin\firebase.js init hosting
[debug] [2025-06-18T11:30:07.122Z] CLI Version:   14.7.0
[debug] [2025-06-18T11:30:07.122Z] Platform:      win32
[debug] [2025-06-18T11:30:07.123Z] Node Version:  v22.14.0
[debug] [2025-06-18T11:30:07.123Z] Time:          Wed Jun 18 2025 14:30:07 GMT+0300 (Москва, стандартное время)
[debug] [2025-06-18T11:30:07.123Z] ----------------------------------------------------------------------
[debug] 
[debug] [2025-06-18T11:30:07.302Z] > command requires scopes: ["email","openid","https://www.googleapis.com/auth/cloudplatformprojects.readonly","https://www.googleapis.com/auth/firebase","https://www.googleapis.com/auth/cloud-platform"]
[debug] [2025-06-18T11:30:07.303Z] > authorizing via signed-in user (theartemartemka@gmail.com)
[info] 
     ######## #### ########  ######## ########     ###     ######  ########
     ##        ##  ##     ## ##       ##     ##  ##   ##  ##       ##
     ######    ##  ########  ######   ########  #########  ######  ######
     ##        ##  ##    ##  ##       ##     ## ##     ##       ## ##
     ##       #### ##     ## ######## ########  ##     ##  ######  ########

You're about to initialize a Firebase project in this directory:

  C:\files\ucheba\sber\dyson

Before we get started, keep in mind:

  * You are currently outside your home directory
  * You are initializing within an existing Firebase project directory

[info] 
=== Project Setup
[info] 
[info] First, let's associate this project directory with a Firebase project.
[info] You can create multiple project aliases by running firebase use --add, 
[info] but for now we'll just set up a default project.
[info] 
[debug] [2025-06-18T11:30:14.214Z] Using project from CLI flag: dyson-11910
[debug] [2025-06-18T11:30:14.215Z] Checked if tokens are valid: false, expires at: 1750233556449
[debug] [2025-06-18T11:30:14.215Z] Checked if tokens are valid: false, expires at: 1750233556449
[debug] [2025-06-18T11:30:14.215Z] > refreshing access token with scopes: []
[debug] [2025-06-18T11:30:14.217Z] >>> [apiv2][query] POST https://www.googleapis.com/oauth2/v3/token [none]
[debug] [2025-06-18T11:30:14.217Z] >>> [apiv2][body] POST https://www.googleapis.com/oauth2/v3/token [omitted]
[debug] [2025-06-18T11:30:14.421Z] <<< [apiv2][status] POST https://www.googleapis.com/oauth2/v3/token 200
[debug] [2025-06-18T11:30:14.422Z] <<< [apiv2][body] POST https://www.googleapis.com/oauth2/v3/token [omitted]
[debug] [2025-06-18T11:30:14.442Z] >>> [apiv2][query] GET https://firebase.googleapis.com/v1beta1/projects/dyson-11910 [none]
[debug] [2025-06-18T11:30:14.791Z] <<< [apiv2][status] GET https://firebase.googleapis.com/v1beta1/projects/dyson-11910 200
[debug] [2025-06-18T11:30:14.791Z] <<< [apiv2][body] GET https://firebase.googleapis.com/v1beta1/projects/dyson-11910 {"projectId":"dyson-11910","projectNumber":"144301064807","displayName":"dyson","name":"projects/dyson-11910","resources":{"hostingSite":"dyson-11910"},"state":"ACTIVE","etag":"1_3549cfdf-c0d5-46cb-a86b-70277dca21e3"}
[info] i  Using project dyson-11910 (dyson) 
[info] 
=== Hosting Setup
[debug] [2025-06-18T11:30:14.795Z] Checked if tokens are valid: true, expires at: 1750249813422
[debug] [2025-06-18T11:30:14.795Z] Checked if tokens are valid: true, expires at: 1750249813422
[debug] [2025-06-18T11:30:14.796Z] >>> [apiv2][query] GET https://firebase.googleapis.com/v1beta1/projects/dyson-11910 [none]
[debug] [2025-06-18T11:30:15.059Z] <<< [apiv2][status] GET https://firebase.googleapis.com/v1beta1/projects/dyson-11910 200
[debug] [2025-06-18T11:30:15.059Z] <<< [apiv2][body] GET https://firebase.googleapis.com/v1beta1/projects/dyson-11910 {"projectId":"dyson-11910","projectNumber":"144301064807","displayName":"dyson","name":"projects/dyson-11910","resources":{"hostingSite":"dyson-11910"},"state":"ACTIVE","etag":"1_3549cfdf-c0d5-46cb-a86b-70277dca21e3"}
[info] 
[info] Your public directory is the folder (relative to your project directory) that
[info] will contain Hosting assets to be uploaded with firebase deploy. If you
[info] have a build process for your assets, use your build's output directory.
[info] 
